app/build/intermediates/manifest_merge_blame_file/debug/manifest-merger-blame-debug-report.txt
1<?xml version="1.0" encoding="utf-8"?>
2<manifest xmlns:android="http://schemas.android.com/apk/res/android"
3    package="com.example.modernapp"
4    android:versionCode="1"
5    android:versionName="1.0" >
6
7    <uses-sdk
8        android:minSdkVersion="21"
8-->src/main/AndroidManifest.xml
9        android:targetSdkVersion="33" />
9-->src/main/AndroidManifest.xml
10
11    <permission
11-->[androidx.core:core:1.9.0] AndroidManifest.xml:22:5-24:47
12        android:name="com.example.modernapp.DYNAMIC_RECEIVER_NOT_EXPORTED_PERMISSION"
12-->[androidx.core:core:1.9.0] AndroidManifest.xml:23:9-81
13        android:protectionLevel="signature" />
13-->[androidx.core:core:1.9.0] AndroidManifest.xml:24:9-44
14
15    <uses-permission android:name="com.example.modernapp.DYNAMIC_RECEIVER_NOT_EXPORTED_PERMISSION" />
15-->[androidx.core:core:1.9.0] AndroidManifest.xml:26:5-97
15-->[androidx.core:core:1.9.0] AndroidManifest.xml:26:22-94
16
17    <application
17-->src/main/AndroidManifest.xml:5:5-29:19
18        android:allowBackup="true"
18-->src/main/AndroidManifest.xml:6:9-35
19        android:appComponentFactory="androidx.core.app.CoreComponentFactory"
19-->[androidx.core:core:1.9.0] AndroidManifest.xml:28:18-86
20        android:debuggable="true"
21        android:icon="@mipmap/ic_launcher"
21-->src/main/AndroidManifest.xml:7:9-43
22        android:label="@string/app_name"
22-->src/main/AndroidManifest.xml:8:9-41
23        android:roundIcon="@mipmap/ic_launcher_round"
23-->src/main/AndroidManifest.xml:9:9-54
24        android:supportsRtl="true"
24-->src/main/AndroidManifest.xml:10:9-35
25        android:theme="@style/AppTheme" >
25-->src/main/AndroidManifest.xml:11:9-40
26        <activity
26-->src/main/AndroidManifest.xml:12:9-19:20
27            android:name="com.example.modernapp.MainActivity"
27-->src/main/AndroidManifest.xml:13:13-41
28            android:exported="true" >
28-->src/main/AndroidManifest.xml:14:13-36
29            <intent-filter>
29-->src/main/AndroidManifest.xml:15:13-18:29
30                <action android:name="android.intent.action.MAIN" />
30-->src/main/AndroidManifest.xml:16:17-69
30-->src/main/AndroidManifest.xml:16:25-66
31
32                <category android:name="android.intent.category.LAUNCHER" />
32-->src/main/AndroidManifest.xml:17:17-77
32-->src/main/AndroidManifest.xml:17:27-74
33            </intent-filter>
34        </activity>
35        <activity
35-->src/main/AndroidManifest.xml:20:9-22:40
36            android:name="com.example.modernapp.SecondActivity"
36-->src/main/AndroidManifest.xml:21:13-43
37            android:exported="false" />
37-->src/main/AndroidManifest.xml:22:13-37
38        <activity
38-->src/main/AndroidManifest.xml:23:9-25:40
39            android:name="com.example.modernapp.ProfileActivity"
39-->src/main/AndroidManifest.xml:24:13-44
40            android:exported="false" />
40-->src/main/AndroidManifest.xml:25:13-37
41        <activity
41-->src/main/AndroidManifest.xml:26:9-28:40
42            android:name="com.example.modernapp.SettingsActivity"
42-->src/main/AndroidManifest.xml:27:13-45
43            android:exported="false" />
43-->src/main/AndroidManifest.xml:28:13-37
44
45        <provider
45-->[androidx.emoji2:emoji2:1.2.0] AndroidManifest.xml:24:9-32:20
46            android:name="androidx.startup.InitializationProvider"
46-->[androidx.emoji2:emoji2:1.2.0] AndroidManifest.xml:25:13-67
47            android:authorities="com.example.modernapp.androidx-startup"
47-->[androidx.emoji2:emoji2:1.2.0] AndroidManifest.xml:26:13-68
48            android:exported="false" >
48-->[androidx.emoji2:emoji2:1.2.0] AndroidManifest.xml:27:13-37
49            <meta-data
49-->[androidx.emoji2:emoji2:1.2.0] AndroidManifest.xml:29:13-31:52
50                android:name="androidx.emoji2.text.EmojiCompatInitializer"
50-->[androidx.emoji2:emoji2:1.2.0] AndroidManifest.xml:30:17-75
51                android:value="androidx.startup" />
51-->[androidx.emoji2:emoji2:1.2.0] AndroidManifest.xml:31:17-49
52            <meta-data
52-->[androidx.lifecycle:lifecycle-process:2.4.1] AndroidManifest.xml:31:13-33:52
53                android:name="androidx.lifecycle.ProcessLifecycleInitializer"
53-->[androidx.lifecycle:lifecycle-process:2.4.1] AndroidManifest.xml:32:17-78
54                android:value="androidx.startup" />
54-->[androidx.lifecycle:lifecycle-process:2.4.1] AndroidManifest.xml:33:17-49
55        </provider>
56    </application>
57
58</manifest>